2025-08-20 17:12:39,769 - INFO - \U0001f680 Script de sincronización biométrica iniciado
2025-08-20 17:12:44,356 - INFO - \U0001f3c1 Aplicación finalizada
2025-08-20 18:10:26,365 - INFO - \U0001f680 Script de sincronización biométrica iniciado
2025-08-20 18:18:40,947 - INFO - \U0001f680 Script de sincronización biométrica iniciado
2025-08-20 18:18:41,694 - INFO - \U0001f3c1 Aplicación finalizada
2025-08-20 18:18:49,446 - INFO - \U0001f9ea === INICIANDO PRUEBA DE CONEXIÓN ===
2025-08-20 18:18:49,449 - INFO - \U0001f3af Destino: 192.168.1.88:4370
2025-08-20 18:18:55,205 - WARNING - \u26a0\ufe0f Ping falló
2025-08-20 18:19:05,211 - WARNING - \u26a0\ufe0f Puerto TCP inaccesible (código: 10035)
2025-08-20 18:19:05,211 - INFO - \U0001f50c Intentando conectar al dispositivo en 192.168.1.88:4370 (timeout: 30s)
2025-08-20 18:19:05,214 - INFO - \U0001f504 Intento 1/4 - UDP: False, Ping: True
2025-08-20 18:19:09,709 - WARNING - \u274c Intento 1 fallido: can't reach device (ping 192.168.1.88)
2025-08-20 18:19:09,711 - INFO - \u23f3 Probando siguiente configuración...
2025-08-20 18:19:11,718 - INFO - \U0001f504 Intento 2/4 - UDP: True, Ping: True
2025-08-20 18:19:16,200 - WARNING - \u274c Intento 2 fallido: can't reach device (ping 192.168.1.88)
2025-08-20 18:19:16,200 - INFO - \u23f3 Probando siguiente configuración...
2025-08-20 18:19:18,203 - INFO - \U0001f504 Intento 3/4 - UDP: False, Ping: False
2025-08-20 18:19:24,976 - INFO - \U0001f9ea === INICIANDO PRUEBA RÁPIDA ===
2025-08-20 18:19:24,979 - INFO - \U0001f680 Ejecutando primer ciclo...
2025-08-20 18:19:24,981 - INFO - \U0001f680 Iniciando ciclo de sincronización para Principal
2025-08-20 18:19:25,023 - INFO - \U0001f3af Objetivo: 192.168.1.88:4370
2025-08-20 18:19:25,035 - INFO - \U0001f4ca Estado de configuración: sync_running = True
2025-08-20 18:19:25,047 - INFO - \U0001f50d Verificando conectividad TCP...
2025-08-20 18:19:30,088 - WARNING - \u26a0\ufe0f Puerto TCP no responde (código: 10035)
2025-08-20 18:19:30,088 - WARNING -    Esto puede indicar que el dispositivo está apagado o inaccesible
2025-08-20 18:19:30,090 - INFO - \U0001f50c Estableciendo conexión con el dispositivo...
2025-08-20 18:19:30,093 - INFO - \U0001f50c Intentando conectar al dispositivo en 192.168.1.88:4370 (timeout: 30s)
2025-08-20 18:19:30,112 - INFO - \U0001f504 Intento 1/4 - UDP: False, Ping: True
2025-08-20 18:19:34,704 - WARNING - \u274c Intento 1 fallido: can't reach device (ping 192.168.1.88)
2025-08-20 18:19:34,705 - INFO - \u23f3 Probando siguiente configuración...
2025-08-20 18:19:36,709 - INFO - \U0001f504 Intento 2/4 - UDP: True, Ping: True
2025-08-20 18:19:41,701 - WARNING - \u274c Intento 2 fallido: can't reach device (ping 192.168.1.88)
2025-08-20 18:19:41,702 - INFO - \u23f3 Probando siguiente configuración...
2025-08-20 18:19:43,705 - INFO - \U0001f504 Intento 3/4 - UDP: False, Ping: False
2025-08-20 18:19:52,044 - INFO - \U0001f6d1 Deteniendo sincronización automática...
2025-08-20 18:19:52,045 - INFO - \u23f3 Esperando que termine el hilo de sincronización...
2025-08-20 18:19:52,917 - INFO - \U0001f504 Worker de sincronización iniciado
2025-08-20 18:19:52,918 - INFO - \U0001f680 Sincronización automática iniciada - IP: 192.168.1.88, Puerto: 4370, Estación: Principal
2025-08-20 18:20:02,049 - WARNING - \u26a0\ufe0f El hilo no terminó en el tiempo esperado
2025-08-20 18:20:19,263 - WARNING - \u274c Intento 3 fallido: timed out
2025-08-20 18:20:44,764 - WARNING - \u274c Intento 3 fallido: timed out
2025-08-20 18:24:57,781 - INFO - \U0001f680 Script de sincronización biométrica iniciado
2025-08-20 18:25:01,021 - INFO - \U0001f9ea === INICIANDO PRUEBA DE CONEXIÓN ===
2025-08-20 18:25:01,023 - INFO - \U0001f3af Destino: 192.168.1.88:4370
2025-08-20 18:25:05,703 - WARNING - \u26a0\ufe0f Ping falló
2025-08-20 18:25:15,717 - WARNING - \u26a0\ufe0f Puerto TCP inaccesible (código: 10035)
2025-08-20 18:25:15,719 - INFO - \U0001f50c Intentando conectar al dispositivo en 192.168.1.88:4370 (timeout: 30s)
2025-08-20 18:25:15,725 - INFO - \U0001f504 Intento 1/4 - UDP: False, Ping: True
2025-08-20 18:25:19,718 - WARNING - \u274c Intento 1 fallido: can't reach device (ping 192.168.1.88)
2025-08-20 18:25:19,718 - INFO - \u23f3 Probando siguiente configuración...
2025-08-20 18:25:21,731 - INFO - \U0001f504 Intento 2/4 - UDP: True, Ping: True
2025-08-20 18:25:25,704 - WARNING - \u274c Intento 2 fallido: can't reach device (ping 192.168.1.88)
2025-08-20 18:25:25,705 - INFO - \u23f3 Probando siguiente configuración...
2025-08-20 18:25:27,708 - INFO - \U0001f504 Intento 3/4 - UDP: False, Ping: False
2025-08-20 18:25:53,261 - INFO - \U0001f9ea === INICIANDO PRUEBA RÁPIDA ===
2025-08-20 18:25:53,262 - INFO - \U0001f680 Ejecutando primer ciclo...
2025-08-20 18:25:53,263 - INFO - \U0001f680 Iniciando ciclo de sincronización para Principal
2025-08-20 18:25:53,294 - INFO - \U0001f3af Objetivo: 192.168.1.88:4370
2025-08-20 18:25:53,301 - INFO - \U0001f4ca Estado de configuración: sync_running = True
2025-08-20 18:25:53,309 - INFO - \U0001f50d Verificando conectividad TCP...
2025-08-20 18:25:58,332 - WARNING - \u26a0\ufe0f Puerto TCP no responde (código: 10035)
2025-08-20 18:25:58,334 - WARNING -    Esto puede indicar que el dispositivo está apagado o inaccesible
2025-08-20 18:25:58,340 - INFO - \U0001f50c Estableciendo conexión con el dispositivo...
2025-08-20 18:25:58,347 - INFO - \U0001f50c Intentando conectar al dispositivo en 192.168.1.88:4370 (timeout: 30s)
2025-08-20 18:25:58,367 - INFO - \U0001f504 Intento 1/4 - UDP: False, Ping: True
2025-08-20 18:26:02,201 - WARNING - \u274c Intento 1 fallido: can't reach device (ping 192.168.1.88)
2025-08-20 18:26:02,203 - INFO - \u23f3 Probando siguiente configuración...
2025-08-20 18:26:04,207 - INFO - \U0001f504 Intento 2/4 - UDP: True, Ping: True
2025-08-20 18:26:08,205 - WARNING - \u274c Intento 2 fallido: can't reach device (ping 192.168.1.88)
2025-08-20 18:26:08,207 - INFO - \u23f3 Probando siguiente configuración...
2025-08-20 18:26:10,245 - INFO - \U0001f504 Intento 3/4 - UDP: False, Ping: False
2025-08-20 18:26:28,770 - WARNING - \u274c Intento 3 fallido: timed out
2025-08-20 18:26:28,771 - INFO - \u23f3 Probando siguiente configuración...
2025-08-20 18:26:30,773 - INFO - \U0001f504 Intento 4/4 - UDP: True, Ping: False
2025-08-20 18:27:00,778 - WARNING - \u274c Intento 4 fallido: timed out
2025-08-20 18:27:00,780 - ERROR - \u274c Todos los intentos de conexión fallaron para 192.168.1.88:4370
2025-08-20 18:27:00,784 - ERROR - \u274c === PRUEBA DE CONEXIÓN FALLIDA ===
2025-08-20 18:27:11,298 - WARNING - \u274c Intento 3 fallido: timed out
2025-08-20 18:27:11,299 - INFO - \u23f3 Probando siguiente configuración...
2025-08-20 18:27:13,302 - INFO - \U0001f504 Intento 4/4 - UDP: True, Ping: False
2025-08-20 18:27:29,012 - INFO - \U0001f6d1 Deteniendo sincronización automática...
2025-08-20 18:27:29,013 - INFO - \u23f3 Esperando que termine el hilo de sincronización...
2025-08-20 18:27:30,157 - INFO - \U0001f3c1 Aplicación finalizada
2025-08-20 18:28:11,913 - INFO - \U0001f680 Script de sincronización biométrica iniciado
2025-08-20 18:28:15,990 - INFO - \U0001f9ea === INICIANDO PRUEBA DE CONEXIÓN ===
2025-08-20 18:28:15,992 - INFO - \U0001f3af Destino: 192.168.1.88:4371
2025-08-20 18:28:20,710 - WARNING - \u26a0\ufe0f Ping falló
2025-08-20 18:28:30,722 - WARNING - \u26a0\ufe0f Puerto TCP inaccesible (código: 10035)
2025-08-20 18:28:30,723 - INFO - \U0001f50c Intentando conectar al dispositivo en 192.168.1.88:4371 (timeout: 30s)
2025-08-20 18:28:30,725 - INFO - \U0001f504 Intento 1/4 - UDP: False, Ping: True
2025-08-20 18:28:35,209 - WARNING - \u274c Intento 1 fallido: can't reach device (ping 192.168.1.88)
2025-08-20 18:28:35,210 - INFO - \u23f3 Probando siguiente configuración...
2025-08-20 18:28:37,220 - INFO - \U0001f504 Intento 2/4 - UDP: True, Ping: True
2025-08-20 18:28:41,694 - WARNING - \u274c Intento 2 fallido: can't reach device (ping 192.168.1.88)
2025-08-20 18:28:41,695 - INFO - \u23f3 Probando siguiente configuración...
2025-08-20 18:28:43,698 - INFO - \U0001f504 Intento 3/4 - UDP: False, Ping: False
2025-08-20 18:29:44,756 - WARNING - \u274c Intento 3 fallido: timed out
2025-08-20 18:29:44,757 - INFO - \u23f3 Probando siguiente configuración...
2025-08-20 18:29:46,759 - INFO - \U0001f504 Intento 4/4 - UDP: True, Ping: False
2025-08-20 18:30:16,768 - WARNING - \u274c Intento 4 fallido: timed out
2025-08-20 18:30:16,769 - ERROR - \u274c Todos los intentos de conexión fallaron para 192.168.1.88:4371
2025-08-20 18:30:16,774 - ERROR - \u274c === PRUEBA DE CONEXIÓN FALLIDA ===
2025-08-20 18:30:44,167 - INFO - \U0001f9ea === INICIANDO PRUEBA DE CONEXIÓN ===
2025-08-20 18:30:44,171 - INFO - \U0001f3af Destino: 192.168.0.88:4370
2025-08-20 18:30:44,967 - INFO - \u2705 Ping exitoso
2025-08-20 18:30:44,993 - INFO - \u2705 Puerto TCP accesible
2025-08-20 18:30:44,993 - INFO - \U0001f50c Intentando conectar al dispositivo en 192.168.0.88:4370 (timeout: 30s)
2025-08-20 18:30:44,995 - INFO - \U0001f504 Intento 1/4 - UDP: False, Ping: True
2025-08-20 18:30:45,831 - INFO - \u2705 Conexión exitosa! Firmware: Ver 6.60 Sep 19 2019
2025-08-20 18:30:45,839 - INFO - \U0001f512 Dispositivo deshabilitado temporalmente para sincronización
2025-08-20 18:30:45,917 - INFO - \U0001f4f1 Dispositivo: MB160
2025-08-20 18:30:45,917 - INFO - \U0001f527 Firmware: Ver 6.60 Sep 19 2019
2025-08-20 18:30:45,955 - INFO - \U0001f465 Usuarios registrados: 2
2025-08-20 18:30:46,124 - INFO - \U0001f4c4 Registros de asistencia: 3
2025-08-20 18:30:46,124 - INFO - \u2705 === PRUEBA DE CONEXIÓN EXITOSA ===
2025-08-20 18:30:49,253 - INFO - \U0001f504 Worker de sincronización iniciado
2025-08-20 18:30:49,254 - INFO - \U0001f680 Sincronización automática iniciada - IP: 192.168.0.88, Puerto: 4370, Estación: Centenario
2025-08-20 18:36:01,040 - INFO - \U0001f680 Script de sincronización biométrica iniciado
2025-08-20 18:36:02,756 - INFO - \U0001f3c1 Aplicación finalizada
2025-08-20 18:36:11,094 - INFO - \U0001f680 Script de sincronización biométrica iniciado
2025-08-20 18:36:16,454 - INFO - \U0001f9ea === INICIANDO PRUEBA DE CONEXIÓN ===
2025-08-20 18:36:16,457 - INFO - \U0001f3af Destino: 192.168.0.88:4370
2025-08-20 18:36:17,862 - INFO - \u2705 Ping exitoso
2025-08-20 18:36:17,876 - INFO - \u2705 Puerto TCP accesible
2025-08-20 18:36:17,923 - INFO - \U0001f50c Intentando conectar al dispositivo en 192.168.0.88:4370 (timeout: 30s)
2025-08-20 18:36:17,923 - INFO - \U0001f504 Intento 1/4 - UDP: False, Ping: True
2025-08-20 18:36:18,804 - INFO - \u2705 Conexión exitosa! Firmware: Ver 6.60 Sep 19 2019
2025-08-20 18:36:18,816 - INFO - \U0001f512 Dispositivo deshabilitado temporalmente para sincronización
2025-08-20 18:36:18,892 - INFO - \U0001f4f1 Dispositivo: MB160
2025-08-20 18:36:18,893 - INFO - \U0001f527 Firmware: Ver 6.60 Sep 19 2019
2025-08-20 18:36:18,933 - INFO - \U0001f465 Usuarios registrados: 2
2025-08-20 18:36:19,044 - INFO - \U0001f4c4 Registros de asistencia: 3
2025-08-20 18:36:19,045 - INFO - \u2705 === PRUEBA DE CONEXIÓN EXITOSA ===
2025-08-20 18:36:21,791 - INFO - \U0001f527 === EJECUCIÓN MANUAL INICIADA ===
2025-08-20 18:36:21,792 - INFO - \U0001f680 Iniciando ciclo de sincronización para Centenario
2025-08-20 18:36:21,794 - INFO - \U0001f3af Objetivo: 192.168.0.88:4370
2025-08-20 18:36:21,884 - INFO - \U0001f4ca Estado de configuración: sync_running = False
2025-08-20 18:36:21,895 - INFO - \U0001f50d Verificando conectividad TCP...
2025-08-20 18:36:21,931 - INFO - \u2705 Puerto TCP accesible
2025-08-20 18:36:21,955 - INFO - \U0001f50c Estableciendo conexión con el dispositivo...
2025-08-20 18:36:21,963 - INFO - \U0001f50c Intentando conectar al dispositivo en 192.168.0.88:4370 (timeout: 30s)
2025-08-20 18:36:21,976 - INFO - \U0001f504 Intento 1/4 - UDP: False, Ping: True
2025-08-20 18:36:22,798 - INFO - \u2705 Conexión exitosa! Firmware: Ver 6.60 Sep 19 2019
2025-08-20 18:36:22,809 - INFO - \U0001f512 Dispositivo deshabilitado temporalmente para sincronización
2025-08-20 18:36:22,809 - INFO - \U0001f4ca Obteniendo información del dispositivo...
2025-08-20 18:36:22,897 - INFO - \U0001f465 Usuarios registrados en el dispositivo: 2
2025-08-20 18:36:22,897 - INFO - \U0001f4c4 Iniciando obtención de registros...
2025-08-20 18:36:22,919 - INFO - \U0001f4c4 Obteniendo registros de asistencia...
2025-08-20 18:36:22,938 - INFO - \U0001f4f1 Dispositivo: MB160
2025-08-20 18:36:22,938 - INFO - \U0001f4e5 Llamando a get_attendance()...
2025-08-20 18:36:22,999 - INFO - \u2705 get_attendance() completado
2025-08-20 18:36:23,000 - INFO - \U0001f4e5 Se encontraron 3 registros de asistencia
2025-08-20 18:36:23,001 - INFO - \U0001f465 Obteniendo mapeo de usuarios...
2025-08-20 18:36:23,003 - INFO - \U0001f465 Obteniendo usuarios...
2025-08-20 18:36:23,033 - INFO - \U0001f465 Se mapearon 2 usuarios
2025-08-20 18:36:23,033 - INFO - \U0001f504 Procesando registros...
2025-08-20 18:36:23,034 - INFO - \U0001f9ea Registro 1: Usuario 2 - Prueba - 2025-08-20T17:23:30
2025-08-20 18:36:23,036 - INFO - \U0001f9ea Registro 2: Usuario 2 - Prueba - 2025-08-20T17:23:32
2025-08-20 18:36:23,053 - INFO - \U0001f9ea Registro 3: Usuario 2 - Prueba - 2025-08-20T18:30:14
2025-08-20 18:36:23,076 - INFO - \u2705 Se procesaron 3 registros correctamente
2025-08-20 18:36:23,103 - INFO - \U0001f4e5 Obtención de registros completada: 3 registros
2025-08-20 18:36:23,117 - INFO - \U0001f4e4 Preparando envío de 3 registros al servidor...
2025-08-20 18:36:23,128 - INFO - \U0001f4e4 Enviando 3 registros...
2025-08-20 18:36:23,284 - INFO - \U0001f4e8 Código de respuesta: 200
2025-08-20 18:36:23,284 - INFO - \u2705 Datos enviados correctamente
2025-08-20 18:36:23,311 - INFO - \u2705 Envío de datos completado
2025-08-20 18:36:23,312 - INFO - \U0001f50c Cerrando conexión con el dispositivo...
2025-08-20 18:36:23,339 - INFO - \u2705 Dispositivo habilitado y desconectado correctamente
2025-08-20 18:36:23,339 - INFO - \U0001f3c1 Ciclo de sincronización completado
2025-08-20 18:36:23,342 - INFO - \u2705 === EJECUCIÓN MANUAL COMPLETADA ===
2025-08-20 18:36:26,496 - INFO - \U0001f9ea === INICIANDO PRUEBA RÁPIDA ===
2025-08-20 18:36:26,496 - INFO - \U0001f680 Ejecutando primer ciclo...
2025-08-20 18:36:26,500 - INFO - \U0001f680 Iniciando ciclo de sincronización para Centenario
2025-08-20 18:36:26,503 - INFO - \U0001f3af Objetivo: 192.168.0.88:4370
2025-08-20 18:36:26,515 - INFO - \U0001f4ca Estado de configuración: sync_running = True
2025-08-20 18:36:26,528 - INFO - \U0001f50d Verificando conectividad TCP...
2025-08-20 18:36:26,544 - INFO - \u2705 Puerto TCP accesible
2025-08-20 18:36:26,553 - INFO - \U0001f50c Estableciendo conexión con el dispositivo...
2025-08-20 18:36:26,561 - INFO - \U0001f50c Intentando conectar al dispositivo en 192.168.0.88:4370 (timeout: 30s)
2025-08-20 18:36:26,573 - INFO - \U0001f504 Intento 1/4 - UDP: False, Ping: True
2025-08-20 18:36:27,533 - INFO - \u2705 Conexión exitosa! Firmware: Ver 6.60 Sep 19 2019
2025-08-20 18:36:27,543 - INFO - \U0001f512 Dispositivo deshabilitado temporalmente para sincronización
2025-08-20 18:36:27,544 - INFO - \U0001f4ca Obteniendo información del dispositivo...
2025-08-20 18:36:27,587 - INFO - \U0001f465 Usuarios registrados en el dispositivo: 2
2025-08-20 18:36:27,587 - INFO - \U0001f4c4 Iniciando obtención de registros...
2025-08-20 18:36:27,609 - INFO - \U0001f4c4 Obteniendo registros de asistencia...
2025-08-20 18:36:27,627 - INFO - \U0001f4f1 Dispositivo: MB160
2025-08-20 18:36:27,632 - INFO - \U0001f4e5 Llamando a get_attendance()...
2025-08-20 18:36:27,752 - INFO - \u2705 get_attendance() completado
2025-08-20 18:36:27,753 - INFO - \U0001f4e5 Se encontraron 3 registros de asistencia
2025-08-20 18:36:27,758 - INFO - \U0001f465 Obteniendo mapeo de usuarios...
2025-08-20 18:36:27,764 - INFO - \U0001f465 Obteniendo usuarios...
2025-08-20 18:36:27,794 - INFO - \U0001f465 Se mapearon 2 usuarios
2025-08-20 18:36:27,794 - INFO - \U0001f504 Procesando registros...
2025-08-20 18:36:27,796 - INFO - \U0001f9ea Registro 1: Usuario 2 - Prueba - 2025-08-20T17:23:30
2025-08-20 18:36:27,799 - INFO - \U0001f9ea Registro 2: Usuario 2 - Prueba - 2025-08-20T17:23:32
2025-08-20 18:36:27,819 - INFO - \U0001f9ea Registro 3: Usuario 2 - Prueba - 2025-08-20T18:30:14
2025-08-20 18:36:27,839 - INFO - \u2705 Se procesaron 3 registros correctamente
2025-08-20 18:36:27,859 - INFO - \U0001f4e5 Obtención de registros completada: 3 registros
2025-08-20 18:36:27,871 - INFO - \U0001f4e4 Preparando envío de 3 registros al servidor...
2025-08-20 18:36:27,882 - INFO - \U0001f4e4 Enviando 3 registros...
2025-08-20 18:36:27,965 - INFO - \U0001f4e8 Código de respuesta: 200
2025-08-20 18:36:27,965 - INFO - \u2705 Datos enviados correctamente
2025-08-20 18:36:27,969 - INFO - \u2705 Envío de datos completado
2025-08-20 18:36:27,973 - INFO - \U0001f50c Cerrando conexión con el dispositivo...
2025-08-20 18:36:28,008 - INFO - \u2705 Dispositivo habilitado y desconectado correctamente
2025-08-20 18:36:28,009 - INFO - \U0001f3c1 Ciclo de sincronización completado
2025-08-20 18:36:28,011 - INFO - \u23f1\ufe0f Esperando 30 segundos...
2025-08-20 18:36:38,054 - INFO - \u23f3 20 segundos restantes...
2025-08-20 18:36:48,058 - INFO - \u23f3 10 segundos restantes...
2025-08-20 18:36:58,062 - INFO - \U0001f680 Ejecutando segundo ciclo...
2025-08-20 18:36:58,063 - INFO - \U0001f680 Iniciando ciclo de sincronización para Centenario
2025-08-20 18:36:58,065 - INFO - \U0001f3af Objetivo: 192.168.0.88:4370
2025-08-20 18:36:58,081 - INFO - \U0001f4ca Estado de configuración: sync_running = True
2025-08-20 18:36:58,097 - INFO - \U0001f50d Verificando conectividad TCP...
2025-08-20 18:36:58,101 - INFO - \u2705 Puerto TCP accesible
2025-08-20 18:36:58,122 - INFO - \U0001f50c Estableciendo conexión con el dispositivo...
2025-08-20 18:36:58,133 - INFO - \U0001f50c Intentando conectar al dispositivo en 192.168.0.88:4370 (timeout: 30s)
2025-08-20 18:36:58,146 - INFO - \U0001f504 Intento 1/4 - UDP: False, Ping: True
2025-08-20 18:36:59,019 - INFO - \u2705 Conexión exitosa! Firmware: Ver 6.60 Sep 19 2019
2025-08-20 18:36:59,030 - INFO - \U0001f512 Dispositivo deshabilitado temporalmente para sincronización
2025-08-20 18:36:59,030 - INFO - \U0001f4ca Obteniendo información del dispositivo...
2025-08-20 18:36:59,079 - INFO - \U0001f465 Usuarios registrados en el dispositivo: 2
2025-08-20 18:36:59,079 - INFO - \U0001f4c4 Iniciando obtención de registros...
2025-08-20 18:36:59,127 - INFO - \U0001f4c4 Obteniendo registros de asistencia...
2025-08-20 18:36:59,157 - INFO - \U0001f4f1 Dispositivo: MB160
2025-08-20 18:36:59,158 - INFO - \U0001f4e5 Llamando a get_attendance()...
2025-08-20 18:36:59,267 - INFO - \u2705 get_attendance() completado
2025-08-20 18:36:59,269 - INFO - \U0001f4e5 Se encontraron 3 registros de asistencia
2025-08-20 18:36:59,274 - INFO - \U0001f465 Obteniendo mapeo de usuarios...
2025-08-20 18:36:59,345 - INFO - \U0001f465 Obteniendo usuarios...
2025-08-20 18:36:59,382 - INFO - \U0001f465 Se mapearon 2 usuarios
2025-08-20 18:36:59,383 - INFO - \U0001f504 Procesando registros...
2025-08-20 18:36:59,385 - INFO - \U0001f9ea Registro 1: Usuario 2 - Prueba - 2025-08-20T17:23:30
2025-08-20 18:36:59,386 - INFO - \U0001f9ea Registro 2: Usuario 2 - Prueba - 2025-08-20T17:23:32
2025-08-20 18:36:59,406 - INFO - \U0001f9ea Registro 3: Usuario 2 - Prueba - 2025-08-20T18:30:14
2025-08-20 18:36:59,406 - INFO - \u2705 Se procesaron 3 registros correctamente
2025-08-20 18:36:59,406 - INFO - \U0001f4e5 Obtención de registros completada: 3 registros
2025-08-20 18:36:59,407 - INFO - \U0001f4e4 Preparando envío de 3 registros al servidor...
2025-08-20 18:36:59,407 - INFO - \U0001f4e4 Enviando 3 registros...
2025-08-20 18:36:59,475 - INFO - \U0001f4e8 Código de respuesta: 200
2025-08-20 18:36:59,694 - INFO - \u2705 Datos enviados correctamente
2025-08-20 18:36:59,695 - INFO - \u2705 Envío de datos completado
2025-08-20 18:36:59,696 - INFO - \U0001f50c Cerrando conexión con el dispositivo...
2025-08-20 18:36:59,748 - INFO - \u2705 Dispositivo habilitado y desconectado correctamente
2025-08-20 18:36:59,771 - INFO - \U0001f3c1 Ciclo de sincronización completado
2025-08-20 18:36:59,771 - INFO - \u2705 === PRUEBA RÁPIDA COMPLETADA ===
2025-08-20 18:37:19,270 - INFO - \U0001f504 Worker de sincronización iniciado
2025-08-20 18:37:19,271 - INFO - \U0001f680 Sincronización automática iniciada - IP: 192.168.0.88, Puerto: 4370, Estación: Centenario
